$ ruby lib/kafka_example.rb
** KafkaExample::ExampleUsStates#run
2022-07-06 19:27:08 -0400 AK 91118
2022-07-06 19:27:08 -0400 AL 50697
2022-07-06 19:27:08 -0400 AZ 26881
2022-07-06 19:27:08 -0400 AR 82492
2022-07-06 19:27:08 -0400 CA 27340
2022-07-06 19:27:08 -0400 CO 57932
2022-07-06 19:27:08 -0400 CT 37865
2022-07-06 19:27:08 -0400 DE 8033
2022-07-06 19:27:08 -0400 FL 41198
2022-07-06 19:27:08 -0400 GA 71822
2022-07-06 19:27:08 -0400 HI 58226
2022-07-06 19:27:08 -0400 ID 86317
2022-07-06 19:27:08 -0400 IL 7409
2022-07-06 19:27:08 -0400 IN 72279
2022-07-06 19:27:08 -0400 IA 65668
2022-07-06 19:27:08 -0400 KS 14350
2022-07-06 19:27:08 -0400 KY 30330
2022-07-06 19:27:08 -0400 LA 96631
2022-07-06 19:27:08 -0400 ME 16937
2022-07-06 19:27:08 -0400 MD 49778
2022-07-06 19:27:08 -0400 MA 50562
2022-07-06 19:27:08 -0400 MI 47869
2022-07-06 19:27:08 -0400 MN 34264
2022-07-06 19:27:08 -0400 MS 17883
2022-07-06 19:27:08 -0400 MO 49987
2022-07-06 19:27:08 -0400 MT 8899
2022-07-06 19:27:08 -0400 NE 64468
2022-07-06 19:27:08 -0400 NV 42547
2022-07-06 19:27:08 -0400 NH 84582
2022-07-06 19:27:08 -0400 NJ 60969
2022-07-06 19:27:08 -0400 NM 11821
2022-07-06 19:27:08 -0400 NY 72510
2022-07-06 19:27:08 -0400 NC 86420
2022-07-06 19:27:08 -0400 ND 89635
2022-07-06 19:27:08 -0400 OH 37172
2022-07-06 19:27:08 -0400 OK 54050
2022-07-06 19:27:08 -0400 OR 18428
2022-07-06 19:27:08 -0400 PA 36100
2022-07-06 19:27:08 -0400 RI 32598
2022-07-06 19:27:08 -0400 SC 48387
2022-07-06 19:27:08 -0400 SD 69485
2022-07-06 19:27:08 -0400 TN 45542
2022-07-06 19:27:08 -0400 TX 86567
2022-07-06 19:27:08 -0400 UT 59442
2022-07-06 19:27:08 -0400 VT 35947
2022-07-06 19:27:08 -0400 VA 10640
2022-07-06 19:27:08 -0400 WA 63361
2022-07-06 19:27:08 -0400 WV 34449
2022-07-06 19:27:08 -0400 WI 53978
2022-07-06 19:27:08 -0400 WY 98391
** KafkaExample::ExampleUsStates#log
** Class#log
0: 'AK' == '91118'
1: 'AL' == '50697'
2: 'AZ' == '26881'
3: 'AR' == '82492'
4: 'CA' == '27340'
5: 'CO' == '57932'
6: 'CT' == '37865'
7: 'DE' == '8033'
8: 'FL' == '41198'
9: 'GA' == '71822'
10: 'HI' == '58226'
11: 'ID' == '86317'
12: 'IL' == '7409'
13: 'IN' == '72279'
14: 'IA' == '65668'
15: 'KS' == '14350'
16: 'KY' == '30330'
17: 'LA' == '96631'
18: 'ME' == '16937'
19: 'MD' == '49778'
20: 'MA' == '50562'
21: 'MI' == '47869'
22: 'MN' == '34264'
23: 'MS' == '17883'
24: 'MO' == '49987'
25: 'MT' == '8899'
26: 'NE' == '64468'
27: 'NV' == '42547'
28: 'NH' == '84582'
29: 'NJ' == '60969'
30: 'NM' == '11821'
31: 'NY' == '72510'
32: 'NC' == '86420'
33: 'ND' == '89635'
34: 'OH' == '37172'
35: 'OK' == '54050'
36: 'OR' == '18428'
37: 'PA' == '36100'
38: 'RI' == '32598'
39: 'SC' == '48387'
40: 'SD' == '69485'
41: 'TN' == '45542'
42: 'TX' == '86567'
43: 'UT' == '59442'
44: 'VT' == '35947'
45: 'VA' == '10640'
46: 'WA' == '63361'
47: 'WV' == '34449'
48: 'WI' == '53978'
49: 'WY' == '98391'
